<?xml version="1.0" encoding="UTF-8"?>
<!-- Generated by org.testng.reporters.JUnitReportReporter -->
<testsuite skipped="0" hostname="Akshay" name="test.NewLoginTest" tests="2" failures="0" timestamp="2023-04-18T11:44:05 IST" time="6.257" errors="2">
  <testcase name="NewRegUser" time="1.175" classname="test.NewLoginTest">
    <error type="org.testng.internal.reflect.MethodMatcherException" message="
[public void test.NewLoginTest.NewRegUser(java.lang.String,java.lang.String)] has no parameters defined but was found to be using a data provider (either explicitly specified or inherited from class level annotation).
Data provider mismatch
Method: NewRegUser([Parameter{index=0, type=java.lang.String, declaredAnnotations=[]}, Parameter{index=1, type=java.lang.String, declaredAnnotations=[]}])
Arguments: [(java.lang.String) Akshay,(java.lang.String) Bhavare,(java.lang.String) Hadapsar,(java.lang.String) Pune,(java.lang.String) Maharashtra,(java.lang.String) 411028.0,(java.lang.String) 8.600087412E9,(java.lang.String) 1.23456789E8,(java.lang.String) Parabank@343449,(java.lang.String) Parabank@111122,(java.lang.String) Parabank@111122,(java.lang.String) 2004.0]">
      <![CDATA[org.testng.internal.reflect.MethodMatcherException: 
[public void test.NewLoginTest.NewRegUser(java.lang.String,java.lang.String)] has no parameters defined but was found to be using a data provider (either explicitly specified or inherited from class level annotation).
Data provider mismatch
Method: NewRegUser([Parameter{index=0, type=java.lang.String, declaredAnnotations=[]}, Parameter{index=1, type=java.lang.String, declaredAnnotations=[]}])
Arguments: [(java.lang.String) Akshay,(java.lang.String) Bhavare,(java.lang.String) Hadapsar,(java.lang.String) Pune,(java.lang.String) Maharashtra,(java.lang.String) 411028.0,(java.lang.String) 8.600087412E9,(java.lang.String) 1.23456789E8,(java.lang.String) Parabank@343449,(java.lang.String) Parabank@111122,(java.lang.String) Parabank@111122,(java.lang.String) 2004.0]
at org.testng.internal.reflect.DataProviderMethodMatcher.getConformingArguments(DataProviderMethodMatcher.java:43)
at org.testng.internal.Parameters.injectParameters(Parameters.java:914)
at org.testng.internal.MethodRunner.runInSequence(MethodRunner.java:34)
at org.testng.internal.TestInvoker$MethodInvocationAgent.invoke(TestInvoker.java:824)
at org.testng.internal.TestInvoker.invokeTestMethods(TestInvoker.java:146)
at org.testng.internal.TestMethodWorker.invokeTestMethods(TestMethodWorker.java:146)
at org.testng.internal.TestMethodWorker.run(TestMethodWorker.java:128)
at java.util.ArrayList.forEach(Unknown Source)
at org.testng.TestRunner.privateRun(TestRunner.java:794)
at org.testng.TestRunner.run(TestRunner.java:596)
at org.testng.SuiteRunner.runTest(SuiteRunner.java:377)
at org.testng.SuiteRunner.runSequentially(SuiteRunner.java:371)
at org.testng.SuiteRunner.privateRun(SuiteRunner.java:332)
at org.testng.SuiteRunner.run(SuiteRunner.java:276)
at org.testng.SuiteRunnerWorker.runSuite(SuiteRunnerWorker.java:53)
at org.testng.SuiteRunnerWorker.run(SuiteRunnerWorker.java:96)
at org.testng.TestNG.runSuitesSequentially(TestNG.java:1212)
at org.testng.TestNG.runSuitesLocally(TestNG.java:1134)
at org.testng.TestNG.runSuites(TestNG.java:1063)
at org.testng.TestNG.run(TestNG.java:1031)
at org.testng.remote.AbstractRemoteTestNG.run(AbstractRemoteTestNG.java:115)
at org.testng.remote.RemoteTestNG.initAndRun(RemoteTestNG.java:251)
at org.testng.remote.RemoteTestNG.main(RemoteTestNG.java:77)
]]>
    </error>
  </testcase> <!-- NewRegUser -->
  <system-out/>
  <testcase name="OpenBrowser" time="5.082" classname="test.NewLoginTest">
    <error type="org.openqa.selenium.SessionNotCreatedException" message="session not created: This version of ChromeDriver only supports Chrome version 110
Current browser version is 112.0.5615.121 with binary path C:\Program Files\Google\Chrome\Application\chrome.exe
Build info: version: &#039;3.14.0&#039;, revision: &#039;aacccce0&#039;, time: &#039;2018-08-02T20:19:58.91Z&#039;
System info: host: &#039;AKSHAY&#039;, ip: &#039;192.168.76.127&#039;, os.name: &#039;Windows 10&#039;, os.arch: &#039;amd64&#039;, os.version: &#039;10.0&#039;, java.version: &#039;1.8.0_221&#039;
Driver info: driver.version: ChromeDriver
remote stacktrace: Backtrace:
	(No symbol) [0x010C37D3]
	(No symbol) [0x01058B81]
	(No symbol) [0x00F5B36D]
	(No symbol) [0x00F7ED6D]
	(No symbol) [0x00F79B90]
	(No symbol) [0x00F76FC9]
	(No symbol) [0x00FB1ED5]
	(No symbol) [0x00FB1B2C]
	(No symbol) [0x00FAB216]
	(No symbol) [0x00F80D97]
	(No symbol) [0x00F8253D]
	GetHandleVerifier [0x0133ABF2+2510930]
	GetHandleVerifier [0x01368EC1+2700065]
	GetHandleVerifier [0x0136C86C+2714828]
	GetHandleVerifier [0x01173480+645344]
	(No symbol) [0x01060FD2]
	(No symbol) [0x01066C68]
	(No symbol) [0x01066D4B]
	(No symbol) [0x01070D6B]
	BaseThreadInitThunk [0x76F37D69+25]
	RtlInitializeExceptionChain [0x7796B74B+107]
	RtlClearBits [0x7796B6CF+191]
">
      <![CDATA[org.openqa.selenium.SessionNotCreatedException: session not created: This version of ChromeDriver only supports Chrome version 110
Current browser version is 112.0.5615.121 with binary path C:\Program Files\Google\Chrome\Application\chrome.exe
Build info: version: '3.14.0', revision: 'aacccce0', time: '2018-08-02T20:19:58.91Z'
System info: host: 'AKSHAY', ip: '192.168.76.127', os.name: 'Windows 10', os.arch: 'amd64', os.version: '10.0', java.version: '1.8.0_221'
Driver info: driver.version: ChromeDriver
remote stacktrace: Backtrace:
(No symbol) [0x010C37D3]
(No symbol) [0x01058B81]
(No symbol) [0x00F5B36D]
(No symbol) [0x00F7ED6D]
(No symbol) [0x00F79B90]
(No symbol) [0x00F76FC9]
(No symbol) [0x00FB1ED5]
(No symbol) [0x00FB1B2C]
(No symbol) [0x00FAB216]
(No symbol) [0x00F80D97]
(No symbol) [0x00F8253D]
GetHandleVerifier [0x0133ABF2+2510930]
GetHandleVerifier [0x01368EC1+2700065]
GetHandleVerifier [0x0136C86C+2714828]
GetHandleVerifier [0x01173480+645344]
(No symbol) [0x01060FD2]
(No symbol) [0x01066C68]
(No symbol) [0x01066D4B]
(No symbol) [0x01070D6B]
BaseThreadInitThunk [0x76F37D69+25]
RtlInitializeExceptionChain [0x7796B74B+107]
RtlClearBits [0x7796B6CF+191]

at sun.reflect.NativeConstructorAccessorImpl.newInstance0(Native Method)
at sun.reflect.NativeConstructorAccessorImpl.newInstance(Unknown Source)
at sun.reflect.DelegatingConstructorAccessorImpl.newInstance(Unknown Source)
at java.lang.reflect.Constructor.newInstance(Unknown Source)
at org.openqa.selenium.remote.W3CHandshakeResponse.lambda$new$0(W3CHandshakeResponse.java:57)
at org.openqa.selenium.remote.W3CHandshakeResponse.lambda$getResponseFunction$2(W3CHandshakeResponse.java:104)
at org.openqa.selenium.remote.ProtocolHandshake.lambda$createSession$0(ProtocolHandshake.java:122)
at java.util.stream.ReferencePipeline$3$1.accept(Unknown Source)
at java.util.Spliterators$ArraySpliterator.tryAdvance(Unknown Source)
at java.util.stream.ReferencePipeline.forEachWithCancel(Unknown Source)
at java.util.stream.AbstractPipeline.copyIntoWithCancel(Unknown Source)
at java.util.stream.AbstractPipeline.copyInto(Unknown Source)
at java.util.stream.AbstractPipeline.wrapAndCopyInto(Unknown Source)
at java.util.stream.FindOps$FindOp.evaluateSequential(Unknown Source)
at java.util.stream.AbstractPipeline.evaluate(Unknown Source)
at java.util.stream.ReferencePipeline.findFirst(Unknown Source)
at org.openqa.selenium.remote.ProtocolHandshake.createSession(ProtocolHandshake.java:125)
at org.openqa.selenium.remote.ProtocolHandshake.createSession(ProtocolHandshake.java:73)
at org.openqa.selenium.remote.HttpCommandExecutor.execute(HttpCommandExecutor.java:136)
at org.openqa.selenium.remote.service.DriverCommandExecutor.execute(DriverCommandExecutor.java:83)
at org.openqa.selenium.remote.RemoteWebDriver.execute(RemoteWebDriver.java:548)
at org.openqa.selenium.remote.RemoteWebDriver.startSession(RemoteWebDriver.java:212)
at org.openqa.selenium.remote.RemoteWebDriver.<init>(RemoteWebDriver.java:130)
at org.openqa.selenium.chrome.ChromeDriver.<init>(ChromeDriver.java:181)
at org.openqa.selenium.chrome.ChromeDriver.<init>(ChromeDriver.java:168)
at org.openqa.selenium.chrome.ChromeDriver.<init>(ChromeDriver.java:123)
at browserfactory.BaseClass2.OpenChromeBrowser(BaseClass2.java:13)
at test.NewLoginTest.OpenBrowser(NewLoginTest.java:26)
at sun.reflect.NativeMethodAccessorImpl.invoke0(Native Method)
at sun.reflect.NativeMethodAccessorImpl.invoke(Unknown Source)
at sun.reflect.DelegatingMethodAccessorImpl.invoke(Unknown Source)
at java.lang.reflect.Method.invoke(Unknown Source)
at org.testng.internal.MethodInvocationHelper.invokeMethod(MethodInvocationHelper.java:133)
at org.testng.internal.MethodInvocationHelper.invokeMethodConsideringTimeout(MethodInvocationHelper.java:62)
at org.testng.internal.ConfigInvoker.invokeConfigurationMethod(ConfigInvoker.java:385)
at org.testng.internal.ConfigInvoker.invokeConfigurations(ConfigInvoker.java:321)
at org.testng.internal.TestMethodWorker.invokeBeforeClassMethods(TestMethodWorker.java:176)
at org.testng.internal.TestMethodWorker.run(TestMethodWorker.java:122)
at java.util.ArrayList.forEach(Unknown Source)
at org.testng.TestRunner.privateRun(TestRunner.java:794)
at org.testng.TestRunner.run(TestRunner.java:596)
at org.testng.SuiteRunner.runTest(SuiteRunner.java:377)
at org.testng.SuiteRunner.runSequentially(SuiteRunner.java:371)
at org.testng.SuiteRunner.privateRun(SuiteRunner.java:332)
at org.testng.SuiteRunner.run(SuiteRunner.java:276)
at org.testng.SuiteRunnerWorker.runSuite(SuiteRunnerWorker.java:53)
at org.testng.SuiteRunnerWorker.run(SuiteRunnerWorker.java:96)
at org.testng.TestNG.runSuitesSequentially(TestNG.java:1212)
at org.testng.TestNG.runSuitesLocally(TestNG.java:1134)
at org.testng.TestNG.runSuites(TestNG.java:1063)
at org.testng.TestNG.run(TestNG.java:1031)
at org.testng.remote.AbstractRemoteTestNG.run(AbstractRemoteTestNG.java:115)
at org.testng.remote.RemoteTestNG.initAndRun(RemoteTestNG.java:251)
at org.testng.remote.RemoteTestNG.main(RemoteTestNG.java:77)
]]>
    </error>
  </testcase> <!-- OpenBrowser -->
  <system-out/>
</testsuite> <!-- test.NewLoginTest -->
